<?xml version="1.0" encoding="UTF-8"?>
<!-- Generated by org.testng.reporters.JUnitXMLReporter -->
<testsuite hostname="Ashirbad" ignored="0" name="Test" tests="1" failures="1" timestamp="19 Jan 2020 13:23:55 GMT" time="41.056" errors="0">
  <testcase name="signIn" time="28.669" classname="com.AutomationPractice.EndToEndFlow">
    <failure type="java.lang.AssertionError" message="expected [true] but found [false]">
      <![CDATA[java.lang.AssertionError: expected [true] but found [false]
at com.AutomationPractice.EndToEndFlow.signIn(EndToEndFlow.java:45)
... Removed 29 stack frames]]>
    </failure>
  </testcase> <!-- signIn -->
</testsuite> <!-- Test -->
