<?xml version="1.0" encoding="UTF-8"?>
<testng-results skipped="0" failed="0" ignored="0" total="2" passed="2">
  <reporter-output>
  </reporter-output>
  <suite name="Suite" duration-ms="45293" started-at="2019-12-15T14:06:56Z" finished-at="2019-12-15T14:07:42Z">
    <groups>
    </groups>
    <test name="Test" duration-ms="45293" started-at="2019-12-15T14:06:56Z" finished-at="2019-12-15T14:07:42Z">
      <class name="com.AutomationPractice.EndToEndFlow">
        <test-method status="PASS" signature="setUp()[pri:0, instance:com.AutomationPractice.EndToEndFlow@475530b9]" name="setUp" is-config="true" duration-ms="9648" started-at="2019-12-15T14:06:56Z" finished-at="2019-12-15T14:07:06Z">
          <reporter-output>
          </reporter-output>
        </test-method> <!-- setUp -->
        <test-method status="PASS" signature="signIn()[pri:1, instance:com.AutomationPractice.EndToEndFlow@475530b9]" name="signIn" duration-ms="11291" started-at="2019-12-15T14:07:06Z" finished-at="2019-12-15T14:07:17Z">
          <reporter-output>
          </reporter-output>
        </test-method> <!-- signIn -->
        <test-method status="PASS" signature="workflow()[pri:2, instance:com.AutomationPractice.EndToEndFlow@475530b9]" name="workflow" duration-ms="21335" started-at="2019-12-15T14:07:17Z" finished-at="2019-12-15T14:07:39Z">
          <reporter-output>
          </reporter-output>
        </test-method> <!-- workflow -->
        <test-method status="PASS" signature="afterTest()[pri:0, instance:com.AutomationPractice.EndToEndFlow@475530b9]" name="afterTest" is-config="true" duration-ms="3000" started-at="2019-12-15T14:07:39Z" finished-at="2019-12-15T14:07:42Z">
          <reporter-output>
          </reporter-output>
        </test-method> <!-- afterTest -->
      </class> <!-- com.AutomationPractice.EndToEndFlow -->
    </test> <!-- Test -->
  </suite> <!-- Suite -->
</testng-results>
